{"C:\\Projects\\AmaliTech_Lab_Solutions\\05. Smart_Thermostat_Debugger\\skilled-thermostat-debugger\\main.js": {"path":"C:\\Projects\\AmaliTech_Lab_Solutions\\05. Smart_Thermostat_Debugger\\skilled-thermostat-debugger\\main.js","statementMap":{"0":{"start":{"line":3,"column":12},"end":{"line":184,"column":1}},"1":{"start":{"line":15,"column":6},"end":{"line":15,"column":27}},"2":{"start":{"line":19,"column":6},"end":{"line":19,"column":32}},"3":{"start":{"line":23,"column":6},"end":{"line":23,"column":32}},"4":{"start":{"line":27,"column":6},"end":{"line":27,"column":22}},"5":{"start":{"line":31,"column":6},"end":{"line":31,"column":22}},"6":{"start":{"line":35,"column":6},"end":{"line":37,"column":41}},"7":{"start":{"line":42,"column":6},"end":{"line":44,"column":42}},"8":{"start":{"line":59,"column":6},"end":{"line":59,"column":27}},"9":{"start":{"line":63,"column":6},"end":{"line":63,"column":32}},"10":{"start":{"line":67,"column":6},"end":{"line":67,"column":32}},"11":{"start":{"line":71,"column":6},"end":{"line":71,"column":22}},"12":{"start":{"line":75,"column":6},"end":{"line":75,"column":22}},"13":{"start":{"line":79,"column":6},"end":{"line":81,"column":41}},"14":{"start":{"line":86,"column":6},"end":{"line":88,"column":42}},"15":{"start":{"line":105,"column":6},"end":{"line":105,"column":27}},"16":{"start":{"line":109,"column":6},"end":{"line":109,"column":32}},"17":{"start":{"line":113,"column":6},"end":{"line":113,"column":32}},"18":{"start":{"line":117,"column":6},"end":{"line":117,"column":22}},"19":{"start":{"line":121,"column":6},"end":{"line":121,"column":22}},"20":{"start":{"line":125,"column":6},"end":{"line":127,"column":41}},"21":{"start":{"line":132,"column":6},"end":{"line":134,"column":42}},"22":{"start":{"line":151,"column":6},"end":{"line":151,"column":27}},"23":{"start":{"line":155,"column":6},"end":{"line":155,"column":32}},"24":{"start":{"line":159,"column":6},"end":{"line":159,"column":32}},"25":{"start":{"line":163,"column":6},"end":{"line":163,"column":22}},"26":{"start":{"line":167,"column":6},"end":{"line":167,"column":22}},"27":{"start":{"line":170,"column":6},"end":{"line":172,"column":41}},"28":{"start":{"line":177,"column":6},"end":{"line":179,"column":42}},"29":{"start":{"line":187,"column":19},"end":{"line":187,"column":96}},"30":{"start":{"line":189,"column":20},"end":{"line":189,"column":98}},"31":{"start":{"line":192,"column":26},"end":{"line":199,"column":1}},"32":{"start":{"line":196,"column":2},"end":{"line":198,"column":31}},"33":{"start":{"line":204,"column":19},"end":{"line":208,"column":1}},"34":{"start":{"line":205,"column":2},"end":{"line":207,"column":27}},"35":{"start":{"line":212,"column":17},"end":{"line":212,"column":49}},"36":{"start":{"line":213,"column":20},"end":{"line":213,"column":22}},"37":{"start":{"line":216,"column":31},"end":{"line":227,"column":1}},"38":{"start":{"line":217,"column":25},"end":{"line":217,"column":52}},"39":{"start":{"line":218,"column":16},"end":{"line":218,"column":50}},"40":{"start":{"line":220,"column":18},"end":{"line":220,"column":41}},"41":{"start":{"line":221,"column":17},"end":{"line":221,"column":20}},"42":{"start":{"line":223,"column":21},"end":{"line":223,"column":47}},"43":{"start":{"line":224,"column":21},"end":{"line":224,"column":47}},"44":{"start":{"line":226,"column":2},"end":{"line":226,"column":36}},"45":{"start":{"line":231,"column":26},"end":{"line":234,"column":1}},"46":{"start":{"line":232,"column":19},"end":{"line":232,"column":51}},"47":{"start":{"line":233,"column":2},"end":{"line":233,"column":93}},"48":{"start":{"line":242,"column":2},"end":{"line":242,"column":52}},"49":{"start":{"line":243,"column":2},"end":{"line":243,"column":22}},"50":{"start":{"line":246,"column":2},"end":{"line":246,"column":77}},"51":{"start":{"line":250,"column":2},"end":{"line":258,"column":5}},"52":{"start":{"line":251,"column":19},"end":{"line":251,"column":51}},"53":{"start":{"line":252,"column":4},"end":{"line":252,"column":24}},"54":{"start":{"line":253,"column":4},"end":{"line":253,"column":35}},"55":{"start":{"line":255,"column":4},"end":{"line":257,"column":5}},"56":{"start":{"line":256,"column":6},"end":{"line":256,"column":37}},"57":{"start":{"line":261,"column":2},"end":{"line":265,"column":5}},"58":{"start":{"line":262,"column":4},"end":{"line":262,"column":78}},"59":{"start":{"line":264,"column":4},"end":{"line":264,"column":34}},"60":{"start":{"line":268,"column":2},"end":{"line":302,"column":5}},"61":{"start":{"line":269,"column":17},"end":{"line":269,"column":73}},"62":{"start":{"line":269,"column":42},"end":{"line":269,"column":72}},"63":{"start":{"line":272,"column":4},"end":{"line":300,"column":5}},"64":{"start":{"line":273,"column":44},"end":{"line":273,"column":73}},"65":{"start":{"line":274,"column":6},"end":{"line":274,"column":56}},"66":{"start":{"line":276,"column":6},"end":{"line":276,"column":52}},"67":{"start":{"line":279,"column":6},"end":{"line":279,"column":77}},"68":{"start":{"line":280,"column":6},"end":{"line":280,"column":24}},"69":{"start":{"line":282,"column":6},"end":{"line":282,"column":21}},"70":{"start":{"line":284,"column":9},"end":{"line":300,"column":5}},"71":{"start":{"line":285,"column":44},"end":{"line":285,"column":73}},"72":{"start":{"line":286,"column":6},"end":{"line":286,"column":56}},"73":{"start":{"line":289,"column":6},"end":{"line":289,"column":52}},"74":{"start":{"line":292,"column":6},"end":{"line":292,"column":77}},"75":{"start":{"line":293,"column":6},"end":{"line":293,"column":24}},"76":{"start":{"line":295,"column":6},"end":{"line":295,"column":21}},"77":{"start":{"line":307,"column":0},"end":{"line":326,"column":3}},"78":{"start":{"line":308,"column":15},"end":{"line":308,"column":71}},"79":{"start":{"line":308,"column":40},"end":{"line":308,"column":70}},"80":{"start":{"line":310,"column":2},"end":{"line":313,"column":3}},"81":{"start":{"line":312,"column":4},"end":{"line":312,"column":24}},"82":{"start":{"line":315,"column":2},"end":{"line":315,"column":35}},"83":{"start":{"line":316,"column":2},"end":{"line":316,"column":48}},"84":{"start":{"line":318,"column":2},"end":{"line":318,"column":18}},"85":{"start":{"line":320,"column":2},"end":{"line":320,"column":19}},"86":{"start":{"line":322,"column":2},"end":{"line":322,"column":44}},"87":{"start":{"line":323,"column":2},"end":{"line":323,"column":44}},"88":{"start":{"line":325,"column":2},"end":{"line":325,"column":73}},"89":{"start":{"line":331,"column":0},"end":{"line":349,"column":3}},"90":{"start":{"line":332,"column":15},"end":{"line":332,"column":71}},"91":{"start":{"line":332,"column":40},"end":{"line":332,"column":70}},"92":{"start":{"line":334,"column":2},"end":{"line":336,"column":3}},"93":{"start":{"line":335,"column":4},"end":{"line":335,"column":23}},"94":{"start":{"line":338,"column":2},"end":{"line":338,"column":35}},"95":{"start":{"line":339,"column":2},"end":{"line":339,"column":48}},"96":{"start":{"line":341,"column":2},"end":{"line":341,"column":18}},"97":{"start":{"line":343,"column":2},"end":{"line":343,"column":19}},"98":{"start":{"line":345,"column":2},"end":{"line":345,"column":44}},"99":{"start":{"line":346,"column":2},"end":{"line":346,"column":44}},"100":{"start":{"line":348,"column":2},"end":{"line":348,"column":73}},"101":{"start":{"line":354,"column":0},"end":{"line":358,"column":3}},"102":{"start":{"line":355,"column":2},"end":{"line":357,"column":3}},"103":{"start":{"line":356,"column":4},"end":{"line":356,"column":41}},"104":{"start":{"line":362,"column":0},"end":{"line":367,"column":3}},"105":{"start":{"line":363,"column":20},"end":{"line":363,"column":52}},"106":{"start":{"line":364,"column":2},"end":{"line":364,"column":28}},"107":{"start":{"line":366,"column":2},"end":{"line":366,"column":36}},"108":{"start":{"line":372,"column":0},"end":{"line":412,"column":3}},"109":{"start":{"line":373,"column":20},"end":{"line":373,"column":56}},"110":{"start":{"line":374,"column":20},"end":{"line":374,"column":56}},"111":{"start":{"line":375,"column":20},"end":{"line":375,"column":52}},"112":{"start":{"line":377,"column":2},"end":{"line":410,"column":3}},"113":{"start":{"line":378,"column":33},"end":{"line":378,"column":62}},"114":{"start":{"line":379,"column":33},"end":{"line":379,"column":62}},"115":{"start":{"line":381,"column":4},"end":{"line":404,"column":3}},"116":{"start":{"line":382,"column":6},"end":{"line":382,"column":40}},"117":{"start":{"line":383,"column":6},"end":{"line":383,"column":72}},"118":{"start":{"line":385,"column":9},"end":{"line":404,"column":3}},"119":{"start":{"line":386,"column":6},"end":{"line":386,"column":40}},"120":{"start":{"line":387,"column":6},"end":{"line":387,"column":72}},"121":{"start":{"line":392,"column":4},"end":{"line":392,"column":28}},"122":{"start":{"line":393,"column":4},"end":{"line":393,"column":36}},"123":{"start":{"line":394,"column":21},"end":{"line":394,"column":69}},"124":{"start":{"line":394,"column":42},"end":{"line":394,"column":68}},"125":{"start":{"line":396,"column":4},"end":{"line":396,"column":51}},"126":{"start":{"line":397,"column":4},"end":{"line":397,"column":51}},"127":{"start":{"line":401,"column":4},"end":{"line":401,"column":25}},"128":{"start":{"line":402,"column":4},"end":{"line":402,"column":25}},"129":{"start":{"line":408,"column":4},"end":{"line":408,"column":38}},"130":{"start":{"line":409,"column":4},"end":{"line":409,"column":80}},"131":{"start":{"line":416,"column":0},"end":{"line":434,"column":3}},"132":{"start":{"line":418,"column":2},"end":{"line":425,"column":3}},"133":{"start":{"line":419,"column":17},"end":{"line":419,"column":86}},"134":{"start":{"line":419,"column":38},"end":{"line":419,"column":85}},"135":{"start":{"line":421,"column":4},"end":{"line":421,"column":55}},"136":{"start":{"line":422,"column":4},"end":{"line":422,"column":24}},"137":{"start":{"line":424,"column":4},"end":{"line":424,"column":20}},"138":{"start":{"line":428,"column":2},"end":{"line":432,"column":3}},"139":{"start":{"line":429,"column":4},"end":{"line":429,"column":57}},"140":{"start":{"line":429,"column":32},"end":{"line":429,"column":54}},"141":{"start":{"line":431,"column":4},"end":{"line":431,"column":19}},"142":{"start":{"line":439,"column":0},"end":{"line":458,"column":2}},"143":{"start":{"line":440,"column":22},"end":{"line":440,"column":73}},"144":{"start":{"line":440,"column":45},"end":{"line":440,"column":71}},"145":{"start":{"line":442,"column":2},"end":{"line":442,"column":41}},"146":{"start":{"line":443,"column":2},"end":{"line":443,"column":37}},"147":{"start":{"line":445,"column":2},"end":{"line":456,"column":3}},"148":{"start":{"line":446,"column":4},"end":{"line":446,"column":49}},"149":{"start":{"line":450,"column":4},"end":{"line":450,"column":37}},"150":{"start":{"line":451,"column":4},"end":{"line":451,"column":33}},"151":{"start":{"line":452,"column":4},"end":{"line":452,"column":19}},"152":{"start":{"line":454,"column":4},"end":{"line":454,"column":29}},"153":{"start":{"line":455,"column":4},"end":{"line":455,"column":27}},"154":{"start":{"line":463,"column":0},"end":{"line":624,"column":2}},"155":{"start":{"line":464,"column":2},"end":{"line":622,"column":3}},"156":{"start":{"line":466,"column":4},"end":{"line":616,"column":5}},"157":{"start":{"line":467,"column":6},"end":{"line":467,"column":60}},"158":{"start":{"line":468,"column":6},"end":{"line":500,"column":8}},"159":{"start":{"line":503,"column":28},"end":{"line":503,"column":70}},"160":{"start":{"line":504,"column":6},"end":{"line":508,"column":7}},"161":{"start":{"line":505,"column":8},"end":{"line":507,"column":10}},"162":{"start":{"line":506,"column":12},"end":{"line":506,"column":66}},"163":{"start":{"line":513,"column":26},"end":{"line":513,"column":66}},"164":{"start":{"line":514,"column":24},"end":{"line":514,"column":61}},"165":{"start":{"line":516,"column":6},"end":{"line":610,"column":8}},"166":{"start":{"line":519,"column":30},"end":{"line":519,"column":72}},"167":{"start":{"line":520,"column":33},"end":{"line":520,"column":78}},"168":{"start":{"line":521,"column":32},"end":{"line":521,"column":76}},"169":{"start":{"line":522,"column":32},"end":{"line":522,"column":76}},"170":{"start":{"line":523,"column":26},"end":{"line":523,"column":63}},"171":{"start":{"line":526,"column":8},"end":{"line":526,"column":26}},"172":{"start":{"line":528,"column":8},"end":{"line":528,"column":35}},"173":{"start":{"line":530,"column":8},"end":{"line":533,"column":9}},"174":{"start":{"line":531,"column":10},"end":{"line":531,"column":57}},"175":{"start":{"line":532,"column":10},"end":{"line":532,"column":16}},"176":{"start":{"line":535,"column":8},"end":{"line":538,"column":9}},"177":{"start":{"line":536,"column":10},"end":{"line":536,"column":69}},"178":{"start":{"line":537,"column":10},"end":{"line":537,"column":16}},"179":{"start":{"line":540,"column":8},"end":{"line":543,"column":9}},"180":{"start":{"line":541,"column":10},"end":{"line":541,"column":59}},"181":{"start":{"line":542,"column":10},"end":{"line":542,"column":16}},"182":{"start":{"line":545,"column":8},"end":{"line":548,"column":9}},"183":{"start":{"line":546,"column":10},"end":{"line":546,"column":59}},"184":{"start":{"line":547,"column":10},"end":{"line":547,"column":16}},"185":{"start":{"line":552,"column":24},"end":{"line":593,"column":8}},"186":{"start":{"line":563,"column":12},"end":{"line":563,"column":33}},"187":{"start":{"line":567,"column":12},"end":{"line":567,"column":38}},"188":{"start":{"line":571,"column":12},"end":{"line":571,"column":38}},"189":{"start":{"line":575,"column":12},"end":{"line":575,"column":28}},"190":{"start":{"line":579,"column":12},"end":{"line":579,"column":28}},"191":{"start":{"line":583,"column":12},"end":{"line":585,"column":47}},"192":{"start":{"line":589,"column":12},"end":{"line":591,"column":48}},"193":{"start":{"line":595,"column":28},"end":{"line":595,"column":49}},"194":{"start":{"line":596,"column":7},"end":{"line":596,"column":27}},"195":{"start":{"line":597,"column":7},"end":{"line":597,"column":22}},"196":{"start":{"line":598,"column":7},"end":{"line":598,"column":61}},"197":{"start":{"line":602,"column":6},"end":{"line":602,"column":31}},"198":{"start":{"line":603,"column":6},"end":{"line":608,"column":8}},"199":{"start":{"line":604,"column":23},"end":{"line":604,"column":55}},"200":{"start":{"line":605,"column":8},"end":{"line":605,"column":32}},"201":{"start":{"line":606,"column":8},"end":{"line":606,"column":38}},"202":{"start":{"line":607,"column":8},"end":{"line":607,"column":40}},"203":{"start":{"line":637,"column":19},"end":{"line":637,"column":51}},"204":{"start":{"line":639,"column":20},"end":{"line":639,"column":51}},"205":{"start":{"line":641,"column":19},"end":{"line":641,"column":32}},"206":{"start":{"line":666,"column":24},"end":{"line":682,"column":1}},"207":{"start":{"line":667,"column":15},"end":{"line":667,"column":77}},"208":{"start":{"line":667,"column":40},"end":{"line":667,"column":75}},"209":{"start":{"line":669,"column":2},"end":{"line":669,"column":27}},"210":{"start":{"line":670,"column":2},"end":{"line":670,"column":35}},"211":{"start":{"line":673,"column":2},"end":{"line":673,"column":48}},"212":{"start":{"line":676,"column":2},"end":{"line":676,"column":19}},"213":{"start":{"line":679,"column":2},"end":{"line":679,"column":64}},"214":{"start":{"line":681,"column":2},"end":{"line":681,"column":73}},"215":{"start":{"line":695,"column":24},"end":{"line":695,"column":67}},"216":{"start":{"line":780,"column":16},"end":{"line":780,"column":47}},"217":{"start":{"line":781,"column":16},"end":{"line":781,"column":47}},"218":{"start":{"line":786,"column":18},"end":{"line":786,"column":51}},"219":{"start":{"line":853,"column":22},"end":{"line":887,"column":1}},"220":{"start":{"line":854,"column":32},"end":{"line":854,"column":72}},"221":{"start":{"line":857,"column":18},"end":{"line":857,"column":100}},"222":{"start":{"line":859,"column":2},"end":{"line":881,"column":5}},"223":{"start":{"line":860,"column":4},"end":{"line":879,"column":6}},"224":{"start":{"line":883,"column":2},"end":{"line":885,"column":3}},"225":{"start":{"line":884,"column":4},"end":{"line":884,"column":48}},"226":{"start":{"line":891,"column":20},"end":{"line":932,"column":1}},"227":{"start":{"line":892,"column":2},"end":{"line":931,"column":3}},"228":{"start":{"line":936,"column":0},"end":{"line":936,"column":16}},"229":{"start":{"line":965,"column":21},"end":{"line":965,"column":58}},"230":{"start":{"line":966,"column":19},"end":{"line":966,"column":54}},"231":{"start":{"line":967,"column":21},"end":{"line":967,"column":64}},"232":{"start":{"line":968,"column":16},"end":{"line":968,"column":20}},"233":{"start":{"line":969,"column":14},"end":{"line":969,"column":18}},"234":{"start":{"line":997,"column":0},"end":{"line":1019,"column":10}},"235":{"start":{"line":999,"column":14},"end":{"line":999,"column":24}},"236":{"start":{"line":1000,"column":22},"end":{"line":1000,"column":52}},"237":{"start":{"line":1002,"column":15},"end":{"line":1002,"column":66}},"238":{"start":{"line":1002,"column":38},"end":{"line":1002,"column":64}},"239":{"start":{"line":1003,"column":2},"end":{"line":1017,"column":1}},"240":{"start":{"line":1004,"column":4},"end":{"line":1004,"column":10}},"241":{"start":{"line":1007,"column":4},"end":{"line":1016,"column":5}},"242":{"start":{"line":1008,"column":6},"end":{"line":1011,"column":7}},"243":{"start":{"line":1009,"column":8},"end":{"line":1009,"column":27}},"244":{"start":{"line":1010,"column":8},"end":{"line":1010,"column":23}},"245":{"start":{"line":1012,"column":6},"end":{"line":1015,"column":7}},"246":{"start":{"line":1013,"column":8},"end":{"line":1013,"column":27}},"247":{"start":{"line":1014,"column":8},"end":{"line":1014,"column":23}},"248":{"start":{"line":1025,"column":19},"end":{"line":1025,"column":60}},"249":{"start":{"line":1026,"column":15},"end":{"line":1026,"column":51}},"250":{"start":{"line":1200,"column":0},"end":{"line":1208,"column":1}}},"fnMap":{"0":{"name":"(anonymous_0)","decl":{"start":{"line":14,"column":4},"end":{"line":14,"column":5}},"loc":{"start":{"line":14,"column":22},"end":{"line":16,"column":5}},"line":14},"1":{"name":"(anonymous_1)","decl":{"start":{"line":18,"column":4},"end":{"line":18,"column":5}},"loc":{"start":{"line":18,"column":27},"end":{"line":20,"column":5}},"line":18},"2":{"name":"(anonymous_2)","decl":{"start":{"line":22,"column":4},"end":{"line":22,"column":5}},"loc":{"start":{"line":22,"column":27},"end":{"line":24,"column":5}},"line":22},"3":{"name":"(anonymous_3)","decl":{"start":{"line":26,"column":4},"end":{"line":26,"column":5}},"loc":{"start":{"line":26,"column":19},"end":{"line":28,"column":5}},"line":26},"4":{"name":"(anonymous_4)","decl":{"start":{"line":30,"column":4},"end":{"line":30,"column":5}},"loc":{"start":{"line":30,"column":19},"end":{"line":32,"column":5}},"line":30},"5":{"name":"(anonymous_5)","decl":{"start":{"line":34,"column":4},"end":{"line":34,"column":5}},"loc":{"start":{"line":34,"column":19},"end":{"line":38,"column":5}},"line":34},"6":{"name":"(anonymous_6)","decl":{"start":{"line":41,"column":4},"end":{"line":41,"column":5}},"loc":{"start":{"line":41,"column":22},"end":{"line":45,"column":5}},"line":41},"7":{"name":"(anonymous_7)","decl":{"start":{"line":58,"column":4},"end":{"line":58,"column":5}},"loc":{"start":{"line":58,"column":22},"end":{"line":60,"column":5}},"line":58},"8":{"name":"(anonymous_8)","decl":{"start":{"line":62,"column":4},"end":{"line":62,"column":5}},"loc":{"start":{"line":62,"column":27},"end":{"line":64,"column":5}},"line":62},"9":{"name":"(anonymous_9)","decl":{"start":{"line":66,"column":4},"end":{"line":66,"column":5}},"loc":{"start":{"line":66,"column":27},"end":{"line":68,"column":5}},"line":66},"10":{"name":"(anonymous_10)","decl":{"start":{"line":70,"column":4},"end":{"line":70,"column":5}},"loc":{"start":{"line":70,"column":19},"end":{"line":72,"column":5}},"line":70},"11":{"name":"(anonymous_11)","decl":{"start":{"line":74,"column":4},"end":{"line":74,"column":5}},"loc":{"start":{"line":74,"column":19},"end":{"line":76,"column":5}},"line":74},"12":{"name":"(anonymous_12)","decl":{"start":{"line":78,"column":4},"end":{"line":78,"column":5}},"loc":{"start":{"line":78,"column":19},"end":{"line":82,"column":5}},"line":78},"13":{"name":"(anonymous_13)","decl":{"start":{"line":85,"column":4},"end":{"line":85,"column":5}},"loc":{"start":{"line":85,"column":22},"end":{"line":89,"column":5}},"line":85},"14":{"name":"(anonymous_14)","decl":{"start":{"line":104,"column":4},"end":{"line":104,"column":5}},"loc":{"start":{"line":104,"column":22},"end":{"line":106,"column":5}},"line":104},"15":{"name":"(anonymous_15)","decl":{"start":{"line":108,"column":4},"end":{"line":108,"column":5}},"loc":{"start":{"line":108,"column":27},"end":{"line":110,"column":5}},"line":108},"16":{"name":"(anonymous_16)","decl":{"start":{"line":112,"column":4},"end":{"line":112,"column":5}},"loc":{"start":{"line":112,"column":27},"end":{"line":114,"column":5}},"line":112},"17":{"name":"(anonymous_17)","decl":{"start":{"line":116,"column":4},"end":{"line":116,"column":5}},"loc":{"start":{"line":116,"column":19},"end":{"line":118,"column":5}},"line":116},"18":{"name":"(anonymous_18)","decl":{"start":{"line":120,"column":4},"end":{"line":120,"column":5}},"loc":{"start":{"line":120,"column":19},"end":{"line":122,"column":5}},"line":120},"19":{"name":"(anonymous_19)","decl":{"start":{"line":124,"column":4},"end":{"line":124,"column":5}},"loc":{"start":{"line":124,"column":19},"end":{"line":128,"column":5}},"line":124},"20":{"name":"(anonymous_20)","decl":{"start":{"line":131,"column":4},"end":{"line":131,"column":5}},"loc":{"start":{"line":131,"column":22},"end":{"line":135,"column":5}},"line":131},"21":{"name":"(anonymous_21)","decl":{"start":{"line":150,"column":4},"end":{"line":150,"column":5}},"loc":{"start":{"line":150,"column":22},"end":{"line":152,"column":5}},"line":150},"22":{"name":"(anonymous_22)","decl":{"start":{"line":154,"column":4},"end":{"line":154,"column":5}},"loc":{"start":{"line":154,"column":27},"end":{"line":156,"column":5}},"line":154},"23":{"name":"(anonymous_23)","decl":{"start":{"line":158,"column":4},"end":{"line":158,"column":5}},"loc":{"start":{"line":158,"column":27},"end":{"line":160,"column":5}},"line":158},"24":{"name":"(anonymous_24)","decl":{"start":{"line":162,"column":4},"end":{"line":162,"column":5}},"loc":{"start":{"line":162,"column":19},"end":{"line":164,"column":5}},"line":162},"25":{"name":"(anonymous_25)","decl":{"start":{"line":166,"column":4},"end":{"line":166,"column":5}},"loc":{"start":{"line":166,"column":19},"end":{"line":168,"column":5}},"line":166},"26":{"name":"(anonymous_26)","decl":{"start":{"line":169,"column":4},"end":{"line":169,"column":5}},"loc":{"start":{"line":169,"column":19},"end":{"line":173,"column":5}},"line":169},"27":{"name":"(anonymous_27)","decl":{"start":{"line":176,"column":4},"end":{"line":176,"column":5}},"loc":{"start":{"line":176,"column":22},"end":{"line":180,"column":5}},"line":176},"28":{"name":"(anonymous_28)","decl":{"start":{"line":192,"column":26},"end":{"line":192,"column":27}},"loc":{"start":{"line":192,"column":32},"end":{"line":199,"column":1}},"line":192},"29":{"name":"(anonymous_29)","decl":{"start":{"line":204,"column":19},"end":{"line":204,"column":20}},"loc":{"start":{"line":204,"column":29},"end":{"line":208,"column":1}},"line":204},"30":{"name":"(anonymous_30)","decl":{"start":{"line":216,"column":31},"end":{"line":216,"column":32}},"loc":{"start":{"line":216,"column":45},"end":{"line":227,"column":1}},"line":216},"31":{"name":"(anonymous_31)","decl":{"start":{"line":231,"column":26},"end":{"line":231,"column":27}},"loc":{"start":{"line":231,"column":40},"end":{"line":234,"column":1}},"line":231},"32":{"name":"StarterLogic","decl":{"start":{"line":240,"column":9},"end":{"line":240,"column":21}},"loc":{"start":{"line":240,"column":24},"end":{"line":633,"column":1}},"line":240},"33":{"name":"(anonymous_33)","decl":{"start":{"line":250,"column":16},"end":{"line":250,"column":17}},"loc":{"start":{"line":250,"column":26},"end":{"line":258,"column":3}},"line":250},"34":{"name":"(anonymous_34)","decl":{"start":{"line":261,"column":40},"end":{"line":261,"column":41}},"loc":{"start":{"line":261,"column":59},"end":{"line":265,"column":3}},"line":261},"35":{"name":"(anonymous_35)","decl":{"start":{"line":268,"column":44},"end":{"line":268,"column":45}},"loc":{"start":{"line":268,"column":57},"end":{"line":302,"column":3}},"line":268},"36":{"name":"(anonymous_36)","decl":{"start":{"line":269,"column":28},"end":{"line":269,"column":29}},"loc":{"start":{"line":269,"column":42},"end":{"line":269,"column":72}},"line":269},"37":{"name":"(anonymous_37)","decl":{"start":{"line":307,"column":62},"end":{"line":307,"column":63}},"loc":{"start":{"line":307,"column":68},"end":{"line":326,"column":1}},"line":307},"38":{"name":"(anonymous_38)","decl":{"start":{"line":308,"column":26},"end":{"line":308,"column":27}},"loc":{"start":{"line":308,"column":40},"end":{"line":308,"column":70}},"line":308},"39":{"name":"(anonymous_39)","decl":{"start":{"line":331,"column":60},"end":{"line":331,"column":61}},"loc":{"start":{"line":331,"column":66},"end":{"line":349,"column":1}},"line":331},"40":{"name":"(anonymous_40)","decl":{"start":{"line":332,"column":26},"end":{"line":332,"column":27}},"loc":{"start":{"line":332,"column":40},"end":{"line":332,"column":70}},"line":332},"41":{"name":"(anonymous_41)","decl":{"start":{"line":354,"column":63},"end":{"line":354,"column":64}},"loc":{"start":{"line":354,"column":69},"end":{"line":358,"column":1}},"line":354},"42":{"name":"(anonymous_42)","decl":{"start":{"line":362,"column":59},"end":{"line":362,"column":60}},"loc":{"start":{"line":362,"column":65},"end":{"line":367,"column":1}},"line":362},"43":{"name":"(anonymous_43)","decl":{"start":{"line":372,"column":58},"end":{"line":372,"column":59}},"loc":{"start":{"line":372,"column":64},"end":{"line":412,"column":1}},"line":372},"44":{"name":"(anonymous_44)","decl":{"start":{"line":394,"column":32},"end":{"line":394,"column":33}},"loc":{"start":{"line":394,"column":42},"end":{"line":394,"column":68}},"line":394},"45":{"name":"(anonymous_45)","decl":{"start":{"line":416,"column":67},"end":{"line":416,"column":68}},"loc":{"start":{"line":416,"column":74},"end":{"line":434,"column":1}},"line":416},"46":{"name":"(anonymous_46)","decl":{"start":{"line":419,"column":28},"end":{"line":419,"column":29}},"loc":{"start":{"line":419,"column":38},"end":{"line":419,"column":85}},"line":419},"47":{"name":"(anonymous_47)","decl":{"start":{"line":429,"column":18},"end":{"line":429,"column":19}},"loc":{"start":{"line":429,"column":30},"end":{"line":429,"column":56}},"line":429},"48":{"name":"(anonymous_48)","decl":{"start":{"line":439,"column":41},"end":{"line":439,"column":42}},"loc":{"start":{"line":439,"column":53},"end":{"line":458,"column":1}},"line":439},"49":{"name":"(anonymous_49)","decl":{"start":{"line":440,"column":33},"end":{"line":440,"column":34}},"loc":{"start":{"line":440,"column":45},"end":{"line":440,"column":71}},"line":440},"50":{"name":"(anonymous_50)","decl":{"start":{"line":463,"column":39},"end":{"line":463,"column":40}},"loc":{"start":{"line":463,"column":51},"end":{"line":624,"column":1}},"line":463},"51":{"name":"(anonymous_51)","decl":{"start":{"line":505,"column":48},"end":{"line":505,"column":49}},"loc":{"start":{"line":505,"column":60},"end":{"line":507,"column":9}},"line":505},"52":{"name":"(anonymous_52)","decl":{"start":{"line":516,"column":45},"end":{"line":516,"column":46}},"loc":{"start":{"line":516,"column":59},"end":{"line":610,"column":7}},"line":516},"53":{"name":"(anonymous_53)","decl":{"start":{"line":562,"column":10},"end":{"line":562,"column":11}},"loc":{"start":{"line":562,"column":28},"end":{"line":564,"column":11}},"line":562},"54":{"name":"(anonymous_54)","decl":{"start":{"line":566,"column":10},"end":{"line":566,"column":11}},"loc":{"start":{"line":566,"column":33},"end":{"line":568,"column":11}},"line":566},"55":{"name":"(anonymous_55)","decl":{"start":{"line":570,"column":10},"end":{"line":570,"column":11}},"loc":{"start":{"line":570,"column":33},"end":{"line":572,"column":11}},"line":570},"56":{"name":"(anonymous_56)","decl":{"start":{"line":574,"column":10},"end":{"line":574,"column":11}},"loc":{"start":{"line":574,"column":25},"end":{"line":576,"column":11}},"line":574},"57":{"name":"(anonymous_57)","decl":{"start":{"line":578,"column":10},"end":{"line":578,"column":11}},"loc":{"start":{"line":578,"column":25},"end":{"line":580,"column":11}},"line":578},"58":{"name":"(anonymous_58)","decl":{"start":{"line":582,"column":10},"end":{"line":582,"column":11}},"loc":{"start":{"line":582,"column":25},"end":{"line":586,"column":11}},"line":582},"59":{"name":"(anonymous_59)","decl":{"start":{"line":588,"column":10},"end":{"line":588,"column":11}},"loc":{"start":{"line":588,"column":28},"end":{"line":592,"column":11}},"line":588},"60":{"name":"(anonymous_60)","decl":{"start":{"line":603,"column":20},"end":{"line":603,"column":21}},"loc":{"start":{"line":603,"column":32},"end":{"line":608,"column":7}},"line":603},"61":{"name":"(anonymous_61)","decl":{"start":{"line":666,"column":24},"end":{"line":666,"column":25}},"loc":{"start":{"line":666,"column":47},"end":{"line":682,"column":1}},"line":666},"62":{"name":"(anonymous_62)","decl":{"start":{"line":667,"column":26},"end":{"line":667,"column":27}},"loc":{"start":{"line":667,"column":40},"end":{"line":667,"column":75}},"line":667},"63":{"name":"(anonymous_63)","decl":{"start":{"line":853,"column":22},"end":{"line":853,"column":23}},"loc":{"start":{"line":853,"column":28},"end":{"line":887,"column":1}},"line":853},"64":{"name":"(anonymous_64)","decl":{"start":{"line":859,"column":16},"end":{"line":859,"column":17}},"loc":{"start":{"line":859,"column":26},"end":{"line":881,"column":3}},"line":859},"65":{"name":"(anonymous_65)","decl":{"start":{"line":891,"column":20},"end":{"line":891,"column":21}},"loc":{"start":{"line":891,"column":30},"end":{"line":932,"column":1}},"line":891},"66":{"name":"(anonymous_66)","decl":{"start":{"line":997,"column":12},"end":{"line":997,"column":13}},"loc":{"start":{"line":997,"column":18},"end":{"line":1019,"column":1}},"line":997},"67":{"name":"(anonymous_67)","decl":{"start":{"line":1002,"column":26},"end":{"line":1002,"column":27}},"loc":{"start":{"line":1002,"column":38},"end":{"line":1002,"column":64}},"line":1002}},"branchMap":{"0":{"loc":{"start":{"line":35,"column":6},"end":{"line":37,"column":40}},"type":"cond-expr","locations":[{"start":{"line":36,"column":11},"end":{"line":36,"column":40}},{"start":{"line":37,"column":11},"end":{"line":37,"column":39}}],"line":35},"1":{"loc":{"start":{"line":42,"column":6},"end":{"line":44,"column":42}},"type":"cond-expr","locations":[{"start":{"line":43,"column":12},"end":{"line":43,"column":40}},{"start":{"line":44,"column":12},"end":{"line":44,"column":40}}],"line":42},"2":{"loc":{"start":{"line":79,"column":6},"end":{"line":81,"column":40}},"type":"cond-expr","locations":[{"start":{"line":80,"column":11},"end":{"line":80,"column":40}},{"start":{"line":81,"column":11},"end":{"line":81,"column":39}}],"line":79},"3":{"loc":{"start":{"line":86,"column":6},"end":{"line":88,"column":42}},"type":"cond-expr","locations":[{"start":{"line":87,"column":12},"end":{"line":87,"column":40}},{"start":{"line":88,"column":12},"end":{"line":88,"column":40}}],"line":86},"4":{"loc":{"start":{"line":125,"column":6},"end":{"line":127,"column":40}},"type":"cond-expr","locations":[{"start":{"line":126,"column":11},"end":{"line":126,"column":40}},{"start":{"line":127,"column":11},"end":{"line":127,"column":39}}],"line":125},"5":{"loc":{"start":{"line":132,"column":6},"end":{"line":134,"column":42}},"type":"cond-expr","locations":[{"start":{"line":133,"column":12},"end":{"line":133,"column":40}},{"start":{"line":134,"column":12},"end":{"line":134,"column":40}}],"line":132},"6":{"loc":{"start":{"line":170,"column":6},"end":{"line":172,"column":40}},"type":"cond-expr","locations":[{"start":{"line":171,"column":11},"end":{"line":171,"column":40}},{"start":{"line":172,"column":11},"end":{"line":172,"column":39}}],"line":170},"7":{"loc":{"start":{"line":177,"column":6},"end":{"line":179,"column":42}},"type":"cond-expr","locations":[{"start":{"line":178,"column":12},"end":{"line":178,"column":40}},{"start":{"line":179,"column":12},"end":{"line":179,"column":40}}],"line":177},"8":{"loc":{"start":{"line":197,"column":4},"end":{"line":197,"column":54}},"type":"cond-expr","locations":[{"start":{"line":197,"column":29},"end":{"line":197,"column":40}},{"start":{"line":197,"column":43},"end":{"line":197,"column":54}}],"line":197},"9":{"loc":{"start":{"line":206,"column":4},"end":{"line":206,"column":50}},"type":"cond-expr","locations":[{"start":{"line":206,"column":25},"end":{"line":206,"column":36}},{"start":{"line":206,"column":39},"end":{"line":206,"column":50}}],"line":206},"10":{"loc":{"start":{"line":255,"column":4},"end":{"line":257,"column":5}},"type":"if","locations":[{"start":{"line":255,"column":4},"end":{"line":257,"column":5}},{"start":{},"end":{}}],"line":255},"11":{"loc":{"start":{"line":272,"column":4},"end":{"line":300,"column":5}},"type":"if","locations":[{"start":{"line":272,"column":4},"end":{"line":300,"column":5}},{"start":{"line":284,"column":9},"end":{"line":300,"column":5}}],"line":272},"12":{"loc":{"start":{"line":284,"column":9},"end":{"line":300,"column":5}},"type":"if","locations":[{"start":{"line":284,"column":9},"end":{"line":300,"column":5}},{"start":{"line":298,"column":9},"end":{"line":300,"column":5}}],"line":284},"13":{"loc":{"start":{"line":310,"column":2},"end":{"line":313,"column":3}},"type":"if","locations":[{"start":{"line":310,"column":2},"end":{"line":313,"column":3}},{"start":{},"end":{}}],"line":310},"14":{"loc":{"start":{"line":334,"column":2},"end":{"line":336,"column":3}},"type":"if","locations":[{"start":{"line":334,"column":2},"end":{"line":336,"column":3}},{"start":{},"end":{}}],"line":334},"15":{"loc":{"start":{"line":355,"column":2},"end":{"line":357,"column":3}},"type":"if","locations":[{"start":{"line":355,"column":2},"end":{"line":357,"column":3}},{"start":{},"end":{}}],"line":355},"16":{"loc":{"start":{"line":377,"column":2},"end":{"line":410,"column":3}},"type":"if","locations":[{"start":{"line":377,"column":2},"end":{"line":410,"column":3}},{"start":{"line":407,"column":7},"end":{"line":410,"column":3}}],"line":377},"17":{"loc":{"start":{"line":377,"column":6},"end":{"line":377,"column":40}},"type":"binary-expr","locations":[{"start":{"line":377,"column":6},"end":{"line":377,"column":21}},{"start":{"line":377,"column":25},"end":{"line":377,"column":40}}],"line":377},"18":{"loc":{"start":{"line":381,"column":4},"end":{"line":404,"column":3}},"type":"if","locations":[{"start":{"line":381,"column":4},"end":{"line":404,"column":3}},{"start":{"line":385,"column":9},"end":{"line":404,"column":3}}],"line":381},"19":{"loc":{"start":{"line":381,"column":8},"end":{"line":381,"column":66}},"type":"binary-expr","locations":[{"start":{"line":381,"column":8},"end":{"line":381,"column":35}},{"start":{"line":381,"column":39},"end":{"line":381,"column":66}}],"line":381},"20":{"loc":{"start":{"line":385,"column":9},"end":{"line":404,"column":3}},"type":"if","locations":[{"start":{"line":385,"column":9},"end":{"line":404,"column":3}},{"start":{"line":389,"column":9},"end":{"line":404,"column":3}}],"line":385},"21":{"loc":{"start":{"line":385,"column":14},"end":{"line":385,"column":72}},"type":"binary-expr","locations":[{"start":{"line":385,"column":14},"end":{"line":385,"column":41}},{"start":{"line":385,"column":45},"end":{"line":385,"column":72}}],"line":385},"22":{"loc":{"start":{"line":418,"column":2},"end":{"line":425,"column":3}},"type":"if","locations":[{"start":{"line":418,"column":2},"end":{"line":425,"column":3}},{"start":{},"end":{}}],"line":418},"23":{"loc":{"start":{"line":428,"column":2},"end":{"line":432,"column":3}},"type":"if","locations":[{"start":{"line":428,"column":2},"end":{"line":432,"column":3}},{"start":{},"end":{}}],"line":428},"24":{"loc":{"start":{"line":445,"column":2},"end":{"line":456,"column":3}},"type":"if","locations":[{"start":{"line":445,"column":2},"end":{"line":456,"column":3}},{"start":{"line":448,"column":7},"end":{"line":456,"column":3}}],"line":445},"25":{"loc":{"start":{"line":445,"column":6},"end":{"line":445,"column":28}},"type":"binary-expr","locations":[{"start":{"line":445,"column":6},"end":{"line":445,"column":16}},{"start":{"line":445,"column":20},"end":{"line":445,"column":28}}],"line":445},"26":{"loc":{"start":{"line":464,"column":2},"end":{"line":622,"column":3}},"type":"if","locations":[{"start":{"line":464,"column":2},"end":{"line":622,"column":3}},{"start":{"line":620,"column":7},"end":{"line":622,"column":3}}],"line":464},"27":{"loc":{"start":{"line":466,"column":4},"end":{"line":616,"column":5}},"type":"if","locations":[{"start":{"line":466,"column":4},"end":{"line":616,"column":5}},{"start":{"line":614,"column":9},"end":{"line":616,"column":5}}],"line":466},"28":{"loc":{"start":{"line":504,"column":6},"end":{"line":508,"column":7}},"type":"if","locations":[{"start":{"line":504,"column":6},"end":{"line":508,"column":7}},{"start":{},"end":{}}],"line":504},"29":{"loc":{"start":{"line":530,"column":8},"end":{"line":533,"column":9}},"type":"if","locations":[{"start":{"line":530,"column":8},"end":{"line":533,"column":9}},{"start":{},"end":{}}],"line":530},"30":{"loc":{"start":{"line":535,"column":8},"end":{"line":538,"column":9}},"type":"if","locations":[{"start":{"line":535,"column":8},"end":{"line":538,"column":9}},{"start":{},"end":{}}],"line":535},"31":{"loc":{"start":{"line":540,"column":8},"end":{"line":543,"column":9}},"type":"if","locations":[{"start":{"line":540,"column":8},"end":{"line":543,"column":9}},{"start":{},"end":{}}],"line":540},"32":{"loc":{"start":{"line":545,"column":8},"end":{"line":548,"column":9}},"type":"if","locations":[{"start":{"line":545,"column":8},"end":{"line":548,"column":9}},{"start":{},"end":{}}],"line":545},"33":{"loc":{"start":{"line":583,"column":12},"end":{"line":585,"column":46}},"type":"cond-expr","locations":[{"start":{"line":584,"column":17},"end":{"line":584,"column":46}},{"start":{"line":585,"column":17},"end":{"line":585,"column":45}}],"line":583},"34":{"loc":{"start":{"line":589,"column":12},"end":{"line":591,"column":48}},"type":"cond-expr","locations":[{"start":{"line":590,"column":18},"end":{"line":590,"column":46}},{"start":{"line":591,"column":18},"end":{"line":591,"column":46}}],"line":589},"35":{"loc":{"start":{"line":866,"column":16},"end":{"line":866,"column":54}},"type":"cond-expr","locations":[{"start":{"line":866,"column":40},"end":{"line":866,"column":49}},{"start":{"line":866,"column":52},"end":{"line":866,"column":54}}],"line":866},"36":{"loc":{"start":{"line":874,"column":12},"end":{"line":874,"column":47}},"type":"cond-expr","locations":[{"start":{"line":874,"column":36},"end":{"line":874,"column":38}},{"start":{"line":874,"column":41},"end":{"line":874,"column":47}}],"line":874},"37":{"loc":{"start":{"line":875,"column":12},"end":{"line":875,"column":74}},"type":"cond-expr","locations":[{"start":{"line":875,"column":33},"end":{"line":875,"column":52}},{"start":{"line":875,"column":55},"end":{"line":875,"column":74}}],"line":875},"38":{"loc":{"start":{"line":883,"column":2},"end":{"line":885,"column":3}},"type":"if","locations":[{"start":{"line":883,"column":2},"end":{"line":885,"column":3}},{"start":{},"end":{}}],"line":883},"39":{"loc":{"start":{"line":1003,"column":2},"end":{"line":1017,"column":1}},"type":"if","locations":[{"start":{"line":1003,"column":2},"end":{"line":1017,"column":1}},{"start":{"line":1006,"column":7},"end":{"line":1017,"column":1}}],"line":1003},"40":{"loc":{"start":{"line":1007,"column":4},"end":{"line":1016,"column":5}},"type":"if","locations":[{"start":{"line":1007,"column":4},"end":{"line":1016,"column":5}},{"start":{},"end":{}}],"line":1007},"41":{"loc":{"start":{"line":1007,"column":8},"end":{"line":1007,"column":64}},"type":"binary-expr","locations":[{"start":{"line":1007,"column":8},"end":{"line":1007,"column":36}},{"start":{"line":1007,"column":40},"end":{"line":1007,"column":64}}],"line":1007},"42":{"loc":{"start":{"line":1008,"column":6},"end":{"line":1011,"column":7}},"type":"if","locations":[{"start":{"line":1008,"column":6},"end":{"line":1011,"column":7}},{"start":{},"end":{}}],"line":1008},"43":{"loc":{"start":{"line":1012,"column":6},"end":{"line":1015,"column":7}},"type":"if","locations":[{"start":{"line":1012,"column":6},"end":{"line":1015,"column":7}},{"start":{},"end":{}}],"line":1012}},"s":{"0":1,"1":0,"2":0,"3":0,"4":0,"5":0,"6":0,"7":0,"8":0,"9":0,"10":0,"11":0,"12":0,"13":0,"14":0,"15":0,"16":0,"17":0,"18":0,"19":0,"20":0,"21":0,"22":0,"23":0,"24":0,"25":0,"26":0,"27":0,"28":0,"29":1,"30":1,"31":1,"32":2,"33":1,"34":2,"35":1,"36":1,"37":1,"38":0,"39":0,"40":0,"41":0,"42":0,"43":0,"44":0,"45":1,"46":0,"47":0,"48":0,"49":0,"50":0,"51":0,"52":0,"53":0,"54":0,"55":0,"56":0,"57":0,"58":0,"59":0,"60":0,"61":0,"62":0,"63":0,"64":0,"65":0,"66":0,"67":0,"68":0,"69":0,"70":0,"71":0,"72":0,"73":0,"74":0,"75":0,"76":0,"77":0,"78":0,"79":0,"80":0,"81":0,"82":0,"83":0,"84":0,"85":0,"86":0,"87":0,"88":0,"89":0,"90":0,"91":0,"92":0,"93":0,"94":0,"95":0,"96":0,"97":0,"98":0,"99":0,"100":0,"101":0,"102":0,"103":0,"104":0,"105":0,"106":0,"107":0,"108":0,"109":0,"110":0,"111":0,"112":0,"113":0,"114":0,"115":0,"116":0,"117":0,"118":0,"119":0,"120":0,"121":0,"122":0,"123":0,"124":0,"125":0,"126":0,"127":0,"128":0,"129":0,"130":0,"131":0,"132":0,"133":0,"134":0,"135":0,"136":0,"137":0,"138":0,"139":0,"140":0,"141":0,"142":0,"143":0,"144":0,"145":0,"146":0,"147":0,"148":0,"149":0,"150":0,"151":0,"152":0,"153":0,"154":0,"155":0,"156":0,"157":0,"158":0,"159":0,"160":0,"161":0,"162":0,"163":0,"164":0,"165":0,"166":0,"167":0,"168":0,"169":0,"170":0,"171":0,"172":0,"173":0,"174":0,"175":0,"176":0,"177":0,"178":0,"179":0,"180":0,"181":0,"182":0,"183":0,"184":0,"185":0,"186":0,"187":0,"188":0,"189":0,"190":0,"191":0,"192":0,"193":0,"194":0,"195":0,"196":0,"197":0,"198":0,"199":0,"200":0,"201":0,"202":0,"203":1,"204":1,"205":1,"206":1,"207":0,"208":0,"209":0,"210":0,"211":0,"212":0,"213":0,"214":0,"215":1,"216":1,"217":1,"218":1,"219":1,"220":5,"221":5,"222":5,"223":20,"224":5,"225":4,"226":1,"227":26,"228":1,"229":1,"230":1,"231":1,"232":1,"233":1,"234":1,"235":0,"236":0,"237":0,"238":0,"239":0,"240":0,"241":0,"242":0,"243":0,"244":0,"245":0,"246":0,"247":0,"248":1,"249":1,"250":1},"f":{"0":0,"1":0,"2":0,"3":0,"4":0,"5":0,"6":0,"7":0,"8":0,"9":0,"10":0,"11":0,"12":0,"13":0,"14":0,"15":0,"16":0,"17":0,"18":0,"19":0,"20":0,"21":0,"22":0,"23":0,"24":0,"25":0,"26":0,"27":0,"28":2,"29":2,"30":0,"31":0,"32":0,"33":0,"34":0,"35":0,"36":0,"37":0,"38":0,"39":0,"40":0,"41":0,"42":0,"43":0,"44":0,"45":0,"46":0,"47":0,"48":0,"49":0,"50":0,"51":0,"52":0,"53":0,"54":0,"55":0,"56":0,"57":0,"58":0,"59":0,"60":0,"61":0,"62":0,"63":5,"64":20,"65":26,"66":0,"67":0},"b":{"0":[0,0],"1":[0,0],"2":[0,0],"3":[0,0],"4":[0,0],"5":[0,0],"6":[0,0],"7":[0,0],"8":[0,2],"9":[1,1],"10":[0,0],"11":[0,0],"12":[0,0],"13":[0,0],"14":[0,0],"15":[0,0],"16":[0,0],"17":[0,0],"18":[0,0],"19":[0,0],"20":[0,0],"21":[0,0],"22":[0,0],"23":[0,0],"24":[0,0],"25":[0,0],"26":[0,0],"27":[0,0],"28":[0,0],"29":[0,0],"30":[0,0],"31":[0,0],"32":[0,0],"33":[0,0],"34":[0,0],"35":[0,20],"36":[0,20],"37":[0,20],"38":[4,1],"39":[0,0],"40":[0,0],"41":[0,0],"42":[0,0],"43":[0,0]},"_coverageSchema":"1a1c01bbd47fc00a2c39e90264f33305004495a9","hash":"7b6bcc06afc89bd927e66132c67f589b99c7165e"}
}
