TN:
SF:main.js
FN:14,(anonymous_0)
FN:18,(anonymous_1)
FN:22,(anonymous_2)
FN:26,(anonymous_3)
FN:30,(anonymous_4)
FN:34,(anonymous_5)
FN:41,(anonymous_6)
FN:58,(anonymous_7)
FN:62,(anonymous_8)
FN:66,(anonymous_9)
FN:70,(anonymous_10)
FN:74,(anonymous_11)
FN:78,(anonymous_12)
FN:85,(anonymous_13)
FN:104,(anonymous_14)
FN:108,(anonymous_15)
FN:112,(anonymous_16)
FN:116,(anonymous_17)
FN:120,(anonymous_18)
FN:124,(anonymous_19)
FN:131,(anonymous_20)
FN:150,(anonymous_21)
FN:154,(anonymous_22)
FN:158,(anonymous_23)
FN:162,(anonymous_24)
FN:166,(anonymous_25)
FN:169,(anonymous_26)
FN:176,(anonymous_27)
FN:192,(anonymous_28)
FN:204,(anonymous_29)
FN:216,(anonymous_30)
FN:231,(anonymous_31)
FN:240,StarterLogic
FN:250,(anonymous_33)
FN:261,(anonymous_34)
FN:268,(anonymous_35)
FN:269,(anonymous_36)
FN:307,(anonymous_37)
FN:308,(anonymous_38)
FN:331,(anonymous_39)
FN:332,(anonymous_40)
FN:354,(anonymous_41)
FN:362,(anonymous_42)
FN:372,(anonymous_43)
FN:394,(anonymous_44)
FN:416,(anonymous_45)
FN:419,(anonymous_46)
FN:429,(anonymous_47)
FN:439,(anonymous_48)
FN:440,(anonymous_49)
FN:463,(anonymous_50)
FN:505,(anonymous_51)
FN:516,(anonymous_52)
FN:562,(anonymous_53)
FN:566,(anonymous_54)
FN:570,(anonymous_55)
FN:574,(anonymous_56)
FN:578,(anonymous_57)
FN:582,(anonymous_58)
FN:588,(anonymous_59)
FN:603,(anonymous_60)
FN:666,(anonymous_61)
FN:667,(anonymous_62)
FN:853,(anonymous_63)
FN:859,(anonymous_64)
FN:891,(anonymous_65)
FN:997,(anonymous_66)
FN:1002,(anonymous_67)
FNF:68
FNH:5
FNDA:0,(anonymous_0)
FNDA:0,(anonymous_1)
FNDA:0,(anonymous_2)
FNDA:0,(anonymous_3)
FNDA:0,(anonymous_4)
FNDA:0,(anonymous_5)
FNDA:0,(anonymous_6)
FNDA:0,(anonymous_7)
FNDA:0,(anonymous_8)
FNDA:0,(anonymous_9)
FNDA:0,(anonymous_10)
FNDA:0,(anonymous_11)
FNDA:0,(anonymous_12)
FNDA:0,(anonymous_13)
FNDA:0,(anonymous_14)
FNDA:0,(anonymous_15)
FNDA:0,(anonymous_16)
FNDA:0,(anonymous_17)
FNDA:0,(anonymous_18)
FNDA:0,(anonymous_19)
FNDA:0,(anonymous_20)
FNDA:0,(anonymous_21)
FNDA:0,(anonymous_22)
FNDA:0,(anonymous_23)
FNDA:0,(anonymous_24)
FNDA:0,(anonymous_25)
FNDA:0,(anonymous_26)
FNDA:0,(anonymous_27)
FNDA:2,(anonymous_28)
FNDA:2,(anonymous_29)
FNDA:0,(anonymous_30)
FNDA:0,(anonymous_31)
FNDA:0,StarterLogic
FNDA:0,(anonymous_33)
FNDA:0,(anonymous_34)
FNDA:0,(anonymous_35)
FNDA:0,(anonymous_36)
FNDA:0,(anonymous_37)
FNDA:0,(anonymous_38)
FNDA:0,(anonymous_39)
FNDA:0,(anonymous_40)
FNDA:0,(anonymous_41)
FNDA:0,(anonymous_42)
FNDA:0,(anonymous_43)
FNDA:0,(anonymous_44)
FNDA:0,(anonymous_45)
FNDA:0,(anonymous_46)
FNDA:0,(anonymous_47)
FNDA:0,(anonymous_48)
FNDA:0,(anonymous_49)
FNDA:0,(anonymous_50)
FNDA:0,(anonymous_51)
FNDA:0,(anonymous_52)
FNDA:0,(anonymous_53)
FNDA:0,(anonymous_54)
FNDA:0,(anonymous_55)
FNDA:0,(anonymous_56)
FNDA:0,(anonymous_57)
FNDA:0,(anonymous_58)
FNDA:0,(anonymous_59)
FNDA:0,(anonymous_60)
FNDA:0,(anonymous_61)
FNDA:0,(anonymous_62)
FNDA:5,(anonymous_63)
FNDA:20,(anonymous_64)
FNDA:26,(anonymous_65)
FNDA:0,(anonymous_66)
FNDA:0,(anonymous_67)
DA:3,1
DA:15,0
DA:19,0
DA:23,0
DA:27,0
DA:31,0
DA:35,0
DA:42,0
DA:59,0
DA:63,0
DA:67,0
DA:71,0
DA:75,0
DA:79,0
DA:86,0
DA:105,0
DA:109,0
DA:113,0
DA:117,0
DA:121,0
DA:125,0
DA:132,0
DA:151,0
DA:155,0
DA:159,0
DA:163,0
DA:167,0
DA:170,0
DA:177,0
DA:187,1
DA:189,1
DA:192,1
DA:196,2
DA:204,1
DA:205,2
DA:212,1
DA:213,1
DA:216,1
DA:217,0
DA:218,0
DA:220,0
DA:221,0
DA:223,0
DA:224,0
DA:226,0
DA:231,1
DA:232,0
DA:233,0
DA:242,0
DA:243,0
DA:246,0
DA:250,0
DA:251,0
DA:252,0
DA:253,0
DA:255,0
DA:256,0
DA:261,0
DA:262,0
DA:264,0
DA:268,0
DA:269,0
DA:272,0
DA:273,0
DA:274,0
DA:276,0
DA:279,0
DA:280,0
DA:282,0
DA:284,0
DA:285,0
DA:286,0
DA:289,0
DA:292,0
DA:293,0
DA:295,0
DA:307,0
DA:308,0
DA:310,0
DA:312,0
DA:315,0
DA:316,0
DA:318,0
DA:320,0
DA:322,0
DA:323,0
DA:325,0
DA:331,0
DA:332,0
DA:334,0
DA:335,0
DA:338,0
DA:339,0
DA:341,0
DA:343,0
DA:345,0
DA:346,0
DA:348,0
DA:354,0
DA:355,0
DA:356,0
DA:362,0
DA:363,0
DA:364,0
DA:366,0
DA:372,0
DA:373,0
DA:374,0
DA:375,0
DA:377,0
DA:378,0
DA:379,0
DA:381,0
DA:382,0
DA:383,0
DA:385,0
DA:386,0
DA:387,0
DA:392,0
DA:393,0
DA:394,0
DA:396,0
DA:397,0
DA:401,0
DA:402,0
DA:408,0
DA:409,0
DA:416,0
DA:418,0
DA:419,0
DA:421,0
DA:422,0
DA:424,0
DA:428,0
DA:429,0
DA:431,0
DA:439,0
DA:440,0
DA:442,0
DA:443,0
DA:445,0
DA:446,0
DA:450,0
DA:451,0
DA:452,0
DA:454,0
DA:455,0
DA:463,0
DA:464,0
DA:466,0
DA:467,0
DA:468,0
DA:503,0
DA:504,0
DA:505,0
DA:506,0
DA:513,0
DA:514,0
DA:516,0
DA:519,0
DA:520,0
DA:521,0
DA:522,0
DA:523,0
DA:526,0
DA:528,0
DA:530,0
DA:531,0
DA:532,0
DA:535,0
DA:536,0
DA:537,0
DA:540,0
DA:541,0
DA:542,0
DA:545,0
DA:546,0
DA:547,0
DA:552,0
DA:563,0
DA:567,0
DA:571,0
DA:575,0
DA:579,0
DA:583,0
DA:589,0
DA:595,0
DA:596,0
DA:597,0
DA:598,0
DA:602,0
DA:603,0
DA:604,0
DA:605,0
DA:606,0
DA:607,0
DA:637,1
DA:639,1
DA:641,1
DA:666,1
DA:667,0
DA:669,0
DA:670,0
DA:673,0
DA:676,0
DA:679,0
DA:681,0
DA:695,1
DA:780,1
DA:781,1
DA:786,1
DA:853,1
DA:854,5
DA:857,5
DA:859,5
DA:860,20
DA:883,5
DA:884,4
DA:891,1
DA:892,26
DA:936,1
DA:965,1
DA:966,1
DA:967,1
DA:968,1
DA:969,1
DA:997,1
DA:999,0
DA:1000,0
DA:1002,0
DA:1003,0
DA:1004,0
DA:1007,0
DA:1008,0
DA:1009,0
DA:1010,0
DA:1012,0
DA:1013,0
DA:1014,0
DA:1025,1
DA:1026,1
DA:1200,1
LF:242
LH:38
BRDA:35,0,0,0
BRDA:35,0,1,0
BRDA:42,1,0,0
BRDA:42,1,1,0
BRDA:79,2,0,0
BRDA:79,2,1,0
BRDA:86,3,0,0
BRDA:86,3,1,0
BRDA:125,4,0,0
BRDA:125,4,1,0
BRDA:132,5,0,0
BRDA:132,5,1,0
BRDA:170,6,0,0
BRDA:170,6,1,0
BRDA:177,7,0,0
BRDA:177,7,1,0
BRDA:197,8,0,0
BRDA:197,8,1,2
BRDA:206,9,0,1
BRDA:206,9,1,1
BRDA:255,10,0,0
BRDA:255,10,1,0
BRDA:272,11,0,0
BRDA:272,11,1,0
BRDA:284,12,0,0
BRDA:284,12,1,0
BRDA:310,13,0,0
BRDA:310,13,1,0
BRDA:334,14,0,0
BRDA:334,14,1,0
BRDA:355,15,0,0
BRDA:355,15,1,0
BRDA:377,16,0,0
BRDA:377,16,1,0
BRDA:377,17,0,0
BRDA:377,17,1,0
BRDA:381,18,0,0
BRDA:381,18,1,0
BRDA:381,19,0,0
BRDA:381,19,1,0
BRDA:385,20,0,0
BRDA:385,20,1,0
BRDA:385,21,0,0
BRDA:385,21,1,0
BRDA:418,22,0,0
BRDA:418,22,1,0
BRDA:428,23,0,0
BRDA:428,23,1,0
BRDA:445,24,0,0
BRDA:445,24,1,0
BRDA:445,25,0,0
BRDA:445,25,1,0
BRDA:464,26,0,0
BRDA:464,26,1,0
BRDA:466,27,0,0
BRDA:466,27,1,0
BRDA:504,28,0,0
BRDA:504,28,1,0
BRDA:530,29,0,0
BRDA:530,29,1,0
BRDA:535,30,0,0
BRDA:535,30,1,0
BRDA:540,31,0,0
BRDA:540,31,1,0
BRDA:545,32,0,0
BRDA:545,32,1,0
BRDA:583,33,0,0
BRDA:583,33,1,0
BRDA:589,34,0,0
BRDA:589,34,1,0
BRDA:866,35,0,0
BRDA:866,35,1,20
BRDA:874,36,0,0
BRDA:874,36,1,20
BRDA:875,37,0,0
BRDA:875,37,1,20
BRDA:883,38,0,4
BRDA:883,38,1,1
BRDA:1003,39,0,0
BRDA:1003,39,1,0
BRDA:1007,40,0,0
BRDA:1007,40,1,0
BRDA:1007,41,0,0
BRDA:1007,41,1,0
BRDA:1008,42,0,0
BRDA:1008,42,1,0
BRDA:1012,43,0,0
BRDA:1012,43,1,0
BRF:88
BRH:8
end_of_record
